<?xml version="1.0" encoding="UTF-8"?>
<!-- Generated by org.testng.reporters.JUnitXMLReporter -->
<testsuite ignored="0" hostname="Hello-69" failures="0" tests="10" name="TutorialsNinja" time="42.619" errors="0" timestamp="2023-08-06T13:11:38 IST">
  <testcase classname="com.tutorialninja.qa.testcases.RegisterTest" name="verifyRegisteringAccountWithMandatoryField" time="1.129"/>
  <testcase classname="com.tutorialninja.qa.testcases.RegisterTest" name="verifyRegisteringAccountByProvidingAllFields" time="1.058"/>
  <testcase classname="com.tutorialninja.qa.testcases.RegisterTest" name="verifyRegisteringAccountWithExistingEmailAddress" time="0.859"/>
  <testcase classname="com.tutorialninja.qa.testcases.RegisterTest" name="verifyRegisteringAccountWithoutFillingAnyDetails" time="0.467"/>
  <testcase classname="com.tutorialninja.qa.testcases.LoginTest" name="verifyLoginWithValidCredentials" time="0.643"/>
  <testcase classname="com.tutorialninja.qa.testcases.LoginTest" name="verifyLoginWithValidCredentials" time="0.701"/>
  <testcase classname="com.tutorialninja.qa.testcases.LoginTest" name="verifyLoginWithInvalidCredentials" time="0.591"/>
  <testcase classname="com.tutorialninja.qa.testcases.SearchTest" name="verifySearchWithValidProduct" time="0.466"/>
  <testcase classname="com.tutorialninja.qa.testcases.SearchTest" name="verifySearchwithInvalidProduct" time="0.349"/>
  <testcase classname="com.tutorialninja.qa.testcases.SearchTest" name="verifySearchWithoutAnyProduct" time="0.347"/>
</testsuite> <!-- TutorialsNinja -->
